2024-10-15 08:24:16,170 - AppLogger - INFO - App initialized
2024-10-15 08:24:16,214 - AppLogger - ERROR - Error during UI setup: SRReportGenerator.__init__() takes 2 positional arguments but 3 were given
2024-10-15 08:24:47,582 - AppLogger - INFO - App initialized
2024-10-15 08:24:47,629 - AppLogger - ERROR - Error during UI setup: SRReportGenerator.__init__() takes 2 positional arguments but 3 were given
2024-10-15 08:25:47,303 - AppLogger - INFO - App initialized
2024-10-15 08:25:47,351 - AppLogger - ERROR - Error during UI setup: SRReportGenerator.__init__() takes 2 positional arguments but 3 were given
2024-10-15 08:32:13,429 - AppLogger - INFO - App initialized
2024-10-15 08:32:13,460 - AppLogger - INFO - SRReportGenerator initialized
2024-10-15 08:32:13,460 - AppLogger - INFO - SRReportGenerator initialized
2024-10-15 08:32:13,462 - AppLogger - INFO - UI setup completed
2024-10-15 08:32:13,462 - AppLogger - INFO - UI setup completed
2024-10-15 08:32:47,495 - AppLogger - INFO - Starting report generation: 2024-01-01 08:32:13.456000 to 2024-09-30 08:32:13.456000
2024-10-15 08:32:47,495 - AppLogger - INFO - Starting report generation: 2024-01-01 08:32:13.456000 to 2024-09-30 08:32:13.456000
2024-10-15 08:32:47,720 - AppLogger - INFO - Sorting report by Group Description
2024-10-15 08:32:47,720 - AppLogger - INFO - Sorting report by Group Description
2024-10-15 08:32:47,721 - AppLogger - INFO - Report generation completed
2024-10-15 08:32:47,721 - AppLogger - INFO - Report generation completed
2024-10-15 08:33:33,126 - AppLogger - INFO - Starting report generation: 2024-01-01 08:32:13.456000 to 2024-09-30 08:32:13.456000
2024-10-15 08:33:33,126 - AppLogger - INFO - Starting report generation: 2024-01-01 08:32:13.456000 to 2024-09-30 08:32:13.456000
2024-10-15 08:33:36,811 - AppLogger - INFO - Sorting report by Group Description
2024-10-15 08:33:36,811 - AppLogger - INFO - Sorting report by Group Description
2024-10-15 08:33:36,816 - AppLogger - INFO - Report generation completed
2024-10-15 08:33:36,816 - AppLogger - INFO - Report generation completed
2024-10-15 08:34:09,393 - AppLogger - INFO - Starting report generation: 2024-01-01 08:32:13.456000 to 2024-09-30 08:32:13.456000
2024-10-15 08:34:09,393 - AppLogger - INFO - Starting report generation: 2024-01-01 08:32:13.456000 to 2024-09-30 08:32:13.456000
2024-10-15 08:34:13,096 - AppLogger - INFO - Report generation completed
2024-10-15 08:34:13,096 - AppLogger - INFO - Report generation completed
2024-10-15 08:34:18,693 - AppLogger - INFO - Starting report generation: 2024-01-01 08:32:13.456000 to 2024-09-30 08:32:13.456000
2024-10-15 08:34:18,693 - AppLogger - INFO - Starting report generation: 2024-01-01 08:32:13.456000 to 2024-09-30 08:32:13.456000
2024-10-15 08:34:22,379 - AppLogger - INFO - Sorting report by Created Date
2024-10-15 08:34:22,379 - AppLogger - INFO - Sorting report by Created Date
2024-10-15 08:34:22,382 - AppLogger - INFO - Report generation completed
2024-10-15 08:34:22,382 - AppLogger - INFO - Report generation completed
2024-10-15 08:41:55,155 - AppLogger - INFO - App initialized
2024-10-15 08:41:55,202 - AppLogger - INFO - SRReportGenerator initialized
2024-10-15 08:41:55,202 - AppLogger - INFO - SRReportGenerator initialized
2024-10-15 08:41:55,204 - AppLogger - INFO - UI setup completed
2024-10-15 08:41:55,204 - AppLogger - INFO - UI setup completed
2024-10-15 09:02:41,031 - AppLogger - INFO - App initialized
2024-10-15 09:02:41,079 - AppLogger - INFO - SRReportGenerator initialized
2024-10-15 09:02:41,079 - AppLogger - INFO - SRReportGenerator initialized
2024-10-15 09:02:41,081 - AppLogger - INFO - UI setup completed
2024-10-15 09:02:41,081 - AppLogger - INFO - UI setup completed
2024-10-15 09:05:45,703 - AppLogger - INFO - App initialized
2024-10-15 09:05:45,751 - AppLogger - INFO - SRReportGenerator initialized
2024-10-15 09:05:45,751 - AppLogger - INFO - SRReportGenerator initialized
2024-10-15 09:05:45,753 - AppLogger - INFO - UI setup completed
2024-10-15 09:05:45,753 - AppLogger - INFO - UI setup completed
2024-10-15 09:14:13,378 - AppLogger - INFO - App initialized
2024-10-15 09:14:13,423 - AppLogger - INFO - SRReportGenerator initialized
2024-10-15 09:14:13,423 - AppLogger - INFO - SRReportGenerator initialized
2024-10-15 09:14:13,425 - AppLogger - INFO - UI setup completed
2024-10-15 09:14:13,425 - AppLogger - INFO - UI setup completed
2024-10-15 09:19:22,823 - AppLogger - INFO - App initialized
2024-10-15 09:19:22,853 - AppLogger - INFO - SRReportGenerator initialized
2024-10-15 09:19:22,853 - AppLogger - INFO - SRReportGenerator initialized
2024-10-15 09:19:22,855 - AppLogger - INFO - UI setup completed
2024-10-15 09:19:22,855 - AppLogger - INFO - UI setup completed
2024-10-15 09:24:02,696 - AppLogger - INFO - App initialized
2024-10-15 09:24:02,745 - AppLogger - INFO - SRReportGenerator initialized
2024-10-15 09:24:02,745 - AppLogger - INFO - SRReportGenerator initialized
2024-10-15 09:24:02,747 - AppLogger - INFO - UI setup completed
2024-10-15 09:24:02,747 - AppLogger - INFO - UI setup completed
2024-10-15 09:31:55,207 - AppLogger - INFO - App initialized
2024-10-15 09:31:55,238 - AppLogger - INFO - SRReportGenerator initialized
2024-10-15 09:31:55,238 - AppLogger - INFO - SRReportGenerator initialized
2024-10-15 09:31:55,239 - AppLogger - INFO - UI setup completed
2024-10-15 09:31:55,239 - AppLogger - INFO - UI setup completed
2024-10-15 09:39:24,018 - AppLogger - INFO - App initialized
2024-10-15 09:39:24,049 - AppLogger - INFO - SRReportGenerator initialized
2024-10-15 09:39:24,049 - AppLogger - INFO - SRReportGenerator initialized
2024-10-15 09:39:24,051 - AppLogger - INFO - UI setup completed
2024-10-15 09:39:24,051 - AppLogger - INFO - UI setup completed
2024-10-15 09:45:08,608 - AppLogger - INFO - App initialized
2024-10-15 09:45:08,655 - AppLogger - INFO - SRReportGenerator initialized
2024-10-15 09:45:08,655 - AppLogger - INFO - SRReportGenerator initialized
2024-10-15 09:45:08,657 - AppLogger - INFO - UI setup completed
2024-10-15 09:45:08,657 - AppLogger - INFO - UI setup completed
2024-10-15 09:47:45,406 - AppLogger - INFO - App initialized
2024-10-15 09:47:45,452 - AppLogger - INFO - SRReportGenerator initialized
2024-10-15 09:47:45,452 - AppLogger - INFO - SRReportGenerator initialized
2024-10-15 09:47:45,455 - AppLogger - INFO - UI setup completed
2024-10-15 09:47:45,455 - AppLogger - INFO - UI setup completed
2024-10-15 09:52:05,951 - AppLogger - INFO - App initialized
2024-10-15 09:52:05,999 - AppLogger - INFO - SRReportGenerator initialized
2024-10-15 09:52:05,999 - AppLogger - INFO - SRReportGenerator initialized
2024-10-15 09:52:06,001 - AppLogger - INFO - UI setup completed
2024-10-15 09:52:06,001 - AppLogger - INFO - UI setup completed
2024-10-15 09:54:06,212 - AppLogger - INFO - App initialized
2024-10-15 09:54:06,262 - AppLogger - INFO - SRReportGenerator initialized
2024-10-15 09:54:06,262 - AppLogger - INFO - SRReportGenerator initialized
2024-10-15 09:54:06,265 - AppLogger - INFO - UI setup completed
2024-10-15 09:54:06,265 - AppLogger - INFO - UI setup completed
2024-10-15 09:57:34,950 - AppLogger - INFO - App initialized
2024-10-15 09:57:35,005 - AppLogger - INFO - SRReportGenerator initialized
2024-10-15 09:57:35,005 - AppLogger - INFO - SRReportGenerator initialized
2024-10-15 09:57:35,007 - AppLogger - INFO - UI setup completed
2024-10-15 09:57:35,007 - AppLogger - INFO - UI setup completed
2024-10-15 10:02:01,239 - AppLogger - INFO - App initialized
2024-10-15 10:02:01,269 - AppLogger - INFO - SRReportGenerator initialized
2024-10-15 10:02:01,269 - AppLogger - INFO - SRReportGenerator initialized
2024-10-15 10:02:01,270 - AppLogger - INFO - UI setup completed
2024-10-15 10:02:01,270 - AppLogger - INFO - UI setup completed
2024-10-15 10:07:22,516 - AppLogger - INFO - App initialized
2024-10-15 10:07:22,561 - AppLogger - INFO - SRReportGenerator initialized
2024-10-15 10:07:22,561 - AppLogger - INFO - SRReportGenerator initialized
2024-10-15 10:07:22,563 - AppLogger - INFO - UI setup completed
2024-10-15 10:07:22,563 - AppLogger - INFO - UI setup completed
2024-10-15 10:09:08,020 - AppLogger - INFO - App initialized
2024-10-15 10:09:08,071 - AppLogger - INFO - SRReportGenerator initialized
2024-10-15 10:09:08,071 - AppLogger - INFO - SRReportGenerator initialized
2024-10-15 10:09:08,073 - AppLogger - INFO - UI setup completed
2024-10-15 10:09:08,073 - AppLogger - INFO - UI setup completed
2024-10-15 10:14:36,432 - AppLogger - INFO - App initialized
2024-10-15 10:14:36,476 - AppLogger - INFO - SRReportGenerator initialized
2024-10-15 10:14:36,476 - AppLogger - INFO - SRReportGenerator initialized
2024-10-15 10:14:36,478 - AppLogger - INFO - UI setup completed
2024-10-15 10:14:36,478 - AppLogger - INFO - UI setup completed
2024-10-15 10:16:31,368 - AppLogger - INFO - App initialized
2024-10-15 10:16:31,414 - AppLogger - INFO - SRReportGenerator initialized
2024-10-15 10:16:31,414 - AppLogger - INFO - SRReportGenerator initialized
2024-10-15 10:16:31,416 - AppLogger - INFO - UI setup completed
2024-10-15 10:16:31,416 - AppLogger - INFO - UI setup completed
2024-10-15 10:34:33,383 - AppLogger - INFO - App initialized
2024-10-15 10:34:33,430 - AppLogger - INFO - SRReportGenerator initialized
2024-10-15 10:34:33,430 - AppLogger - INFO - SRReportGenerator initialized
2024-10-15 10:34:33,432 - AppLogger - INFO - UI setup completed
2024-10-15 10:34:33,432 - AppLogger - INFO - UI setup completed
2024-10-15 10:35:50,851 - AppLogger - INFO - Starting report generation: 2024-01-01 10:34:33.420000 to 2024-09-30 10:34:33.420000
2024-10-15 10:35:50,851 - AppLogger - INFO - Starting report generation: 2024-01-01 10:34:33.420000 to 2024-09-30 10:34:33.420000
2024-10-15 10:35:51,078 - AppLogger - INFO - Sorting report by Group Description
2024-10-15 10:35:51,078 - AppLogger - INFO - Sorting report by Group Description
2024-10-15 10:35:51,080 - AppLogger - INFO - Report generation completed
2024-10-15 10:35:51,080 - AppLogger - INFO - Report generation completed
2024-10-15 10:36:30,778 - AppLogger - INFO - Starting report generation: 2024-01-01 10:34:33.420000 to 2024-09-30 10:34:33.420000
2024-10-15 10:36:30,778 - AppLogger - INFO - Starting report generation: 2024-01-01 10:34:33.420000 to 2024-09-30 10:34:33.420000
2024-10-15 10:36:31,001 - AppLogger - INFO - Sorting report by Group Description
2024-10-15 10:36:31,001 - AppLogger - INFO - Sorting report by Group Description
2024-10-15 10:36:31,001 - AppLogger - INFO - Report generation completed
2024-10-15 10:36:31,001 - AppLogger - INFO - Report generation completed
2024-10-15 10:36:31,002 - AppLogger - INFO - Saving report to Excel file
2024-10-15 10:36:31,002 - AppLogger - INFO - Saving report to Excel file
2024-10-15 10:36:31,042 - AppLogger - INFO - Report saved at /Users/ryanwybenga/Desktop/report_004.xlsx
2024-10-15 10:36:31,042 - AppLogger - INFO - Report saved at /Users/ryanwybenga/Desktop/report_004.xlsx
2024-10-15 10:37:11,485 - AppLogger - INFO - Starting report generation: 2024-01-01 10:34:33.420000 to 2024-09-30 10:34:33.420000
2024-10-15 10:37:11,485 - AppLogger - INFO - Starting report generation: 2024-01-01 10:34:33.420000 to 2024-09-30 10:34:33.420000
2024-10-15 10:37:17,400 - AppLogger - INFO - Sorting report by Group Description
2024-10-15 10:37:17,400 - AppLogger - INFO - Sorting report by Group Description
2024-10-15 10:37:17,433 - AppLogger - INFO - Report generation completed
2024-10-15 10:37:17,433 - AppLogger - INFO - Report generation completed
2024-10-15 11:01:53,289 - AppLogger - INFO - App initialized
2024-10-15 11:01:53,289 - AppLogger - INFO - UI setup completed
2024-10-15 11:02:07,192 - AppLogger - INFO - App initialized
2024-10-15 11:02:07,192 - AppLogger - INFO - UI setup completed
2024-10-15 11:08:07,137 - AppLogger - INFO - App initialized
2024-10-15 11:08:07,137 - AppLogger - INFO - UI setup completed
2024-10-15 11:10:46,828 - AppLogger - INFO - App initialized
2024-10-15 11:10:46,829 - AppLogger - INFO - UI setup completed
2024-10-15 11:11:49,815 - AppLogger - INFO - App initialized
2024-10-15 11:11:49,816 - AppLogger - INFO - UI setup completed
2024-10-15 11:14:35,728 - AppLogger - INFO - App initialized
2024-10-15 11:14:35,730 - AppLogger - INFO - UI setup completed
2024-10-15 11:17:58,115 - AppLogger - INFO - App initialized
2024-10-15 11:17:58,117 - AppLogger - INFO - UI setup completed
2024-10-15 11:18:16,424 - AppLogger - INFO - App initialized
2024-10-15 11:18:16,426 - AppLogger - INFO - UI setup completed
2024-10-15 11:18:29,283 - AppLogger - INFO - App initialized
2024-10-15 11:18:29,284 - AppLogger - INFO - UI setup completed
2024-10-15 11:18:47,404 - AppLogger - INFO - App initialized
2024-10-15 11:18:47,451 - AppLogger - INFO - SRReportGenerator initialized
2024-10-15 11:18:47,451 - AppLogger - INFO - SRReportGenerator initialized
2024-10-15 11:18:47,454 - AppLogger - INFO - UI setup completed
2024-10-15 11:18:47,454 - AppLogger - INFO - UI setup completed
2024-10-15 11:19:18,873 - AppLogger - INFO - App initialized
2024-10-15 11:19:18,903 - AppLogger - INFO - SRReportGenerator initialized
2024-10-15 11:19:18,903 - AppLogger - INFO - SRReportGenerator initialized
2024-10-15 11:19:18,905 - AppLogger - INFO - UI setup completed
2024-10-15 11:19:18,905 - AppLogger - INFO - UI setup completed
2024-10-15 11:20:01,345 - AppLogger - INFO - App initialized
2024-10-15 11:20:01,377 - AppLogger - INFO - SRReportGenerator initialized
2024-10-15 11:20:01,377 - AppLogger - INFO - SRReportGenerator initialized
2024-10-15 11:20:01,379 - AppLogger - INFO - UI setup completed
2024-10-15 11:20:01,379 - AppLogger - INFO - UI setup completed
2024-10-15 11:21:01,711 - AppLogger - INFO - Starting report generation: 2024-09-15 11:20:01.373000 to 2024-10-15 11:20:01.373000
2024-10-15 11:21:01,711 - AppLogger - INFO - Starting report generation: 2024-09-15 11:20:01.373000 to 2024-10-15 11:20:01.373000
2024-10-15 11:21:01,776 - AppLogger - INFO - Sorting report by Group Description
2024-10-15 11:21:01,776 - AppLogger - INFO - Sorting report by Group Description
2024-10-15 11:21:01,777 - AppLogger - INFO - Report generation completed
2024-10-15 11:21:01,777 - AppLogger - INFO - Report generation completed
2024-10-15 11:23:48,525 - AppLogger - INFO - App initialized
2024-10-15 11:23:48,572 - AppLogger - INFO - SRReportGenerator initialized
2024-10-15 11:23:48,572 - AppLogger - INFO - SRReportGenerator initialized
2024-10-15 11:23:48,574 - AppLogger - INFO - UI setup completed
2024-10-15 11:23:48,574 - AppLogger - INFO - UI setup completed
2024-10-15 11:26:02,725 - AppLogger - INFO - App initialized
2024-10-15 11:26:02,755 - AppLogger - INFO - SRReportGenerator initialized
2024-10-15 11:26:02,755 - AppLogger - INFO - SRReportGenerator initialized
2024-10-15 11:26:02,757 - AppLogger - INFO - UI setup completed
2024-10-15 11:26:02,757 - AppLogger - INFO - UI setup completed
2024-10-15 11:31:04,093 - AppLogger - INFO - App initialized
2024-10-15 11:31:04,124 - AppLogger - INFO - SRReportGenerator initialized
2024-10-15 11:31:04,124 - AppLogger - INFO - SRReportGenerator initialized
2024-10-15 11:31:04,125 - AppLogger - INFO - UI setup completed
2024-10-15 11:31:04,125 - AppLogger - INFO - UI setup completed
2024-10-15 11:34:34,759 - AppLogger - INFO - App initialized
2024-10-15 11:34:34,810 - AppLogger - INFO - SRReportGenerator initialized
2024-10-15 11:34:34,810 - AppLogger - INFO - SRReportGenerator initialized
2024-10-15 11:34:34,813 - AppLogger - INFO - UI setup completed
2024-10-15 11:34:34,813 - AppLogger - INFO - UI setup completed
2024-10-15 11:38:03,202 - AppLogger - INFO - App initialized
2024-10-15 11:38:03,232 - AppLogger - INFO - SRReportGenerator initialized
2024-10-15 11:38:03,232 - AppLogger - INFO - SRReportGenerator initialized
2024-10-15 11:38:03,234 - AppLogger - INFO - UI setup completed
2024-10-15 11:38:03,234 - AppLogger - INFO - UI setup completed
2024-10-15 11:45:59,240 - AppLogger - INFO - App initialized
2024-10-15 11:45:59,289 - AppLogger - INFO - SRReportGenerator initialized
2024-10-15 11:45:59,289 - AppLogger - INFO - SRReportGenerator initialized
2024-10-15 11:45:59,292 - AppLogger - INFO - UI setup completed
2024-10-15 11:45:59,292 - AppLogger - INFO - UI setup completed
2024-10-15 14:36:52,813 - AppLogger - INFO - App initialized
2024-10-15 14:36:52,858 - AppLogger - INFO - SRReportGenerator initialized
2024-10-15 14:36:52,858 - AppLogger - INFO - SRReportGenerator initialized
2024-10-15 14:36:52,860 - AppLogger - INFO - UI setup completed
2024-10-15 14:36:52,860 - AppLogger - INFO - UI setup completed
2024-10-15 14:41:05,538 - AppLogger - INFO - App initialized
2024-10-15 14:41:05,604 - AppLogger - INFO - SRReportGenerator initialized
2024-10-15 14:41:05,604 - AppLogger - INFO - SRReportGenerator initialized
2024-10-15 14:41:05,607 - AppLogger - INFO - UI setup completed
2024-10-15 14:41:05,607 - AppLogger - INFO - UI setup completed
2024-10-15 14:46:38,864 - AppLogger - INFO - App initialized
2024-10-15 14:46:38,895 - AppLogger - INFO - SRReportGenerator initialized
2024-10-15 14:46:38,895 - AppLogger - INFO - SRReportGenerator initialized
2024-10-15 14:46:38,897 - AppLogger - INFO - UI setup completed
2024-10-15 14:46:38,897 - AppLogger - INFO - UI setup completed
2024-10-15 14:57:38,975 - AppLogger - INFO - App initialized
2024-10-15 14:57:39,009 - AppLogger - INFO - SRReportGenerator initialized
2024-10-15 14:57:39,009 - AppLogger - INFO - SRReportGenerator initialized
2024-10-15 14:57:39,011 - AppLogger - INFO - UI setup completed
2024-10-15 14:57:39,011 - AppLogger - INFO - UI setup completed
